[2022-04-01T22:15:52.424Z] [32mINFO[39m (11468 on LESLCDSDCORD): [36mBase de datos conectada.[39m
[2022-04-01T22:16:39.808Z] [32mINFO[39m (20452 on LESLCDSDCORD): [36mBase de datos conectada.[39m
[2022-04-01T22:16:42.451Z] [32mINFO[39m (24960 on LESLCDSDCORD): [36mBase de datos conectada.[39m
[2022-04-01T22:18:41.475Z] [32mINFO[39m (16420 on LESLCDSDCORD): [36mBase de datos conectada.[39m
[2022-04-01T22:18:44.357Z] [32mINFO[39m (12368 on LESLCDSDCORD): [36mBase de datos conectada.[39m
[2022-04-01T22:31:03.574Z] [32mINFO[39m (25136 on LESLCDSDCORD): [36mBase de datos conectada.[39m
[2022-04-01T22:31:06.336Z] [32mINFO[39m (14840 on LESLCDSDCORD): [36mBase de datos conectada.[39m
[2022-04-01T22:31:13.141Z] [32mINFO[39m (19632 on LESLCDSDCORD): [36mBase de datos conectada.[39m
[2022-04-01T22:31:28.303Z] [32mINFO[39m (19420 on LESLCDSDCORD): [36mBase de datos conectada.[39m
[2022-04-01T22:31:34.553Z] [32mINFO[39m (21524 on LESLCDSDCORD): [36mBase de datos conectada.[39m
[2022-04-01T22:31:53.585Z] [32mINFO[39m (25816 on LESLCDSDCORD): [36mBase de datos conectada.[39m
[2022-04-01T22:31:56.324Z] [32mINFO[39m (4216 on LESLCDSDCORD): [36mBase de datos conectada.[39m
[2022-04-01T22:32:11.339Z] [32mINFO[39m (14196 on LESLCDSDCORD): [36mBase de datos conectada.[39m
[2022-04-01T22:32:40.948Z] [32mINFO[39m (14040 on LESLCDSDCORD): [36mBase de datos conectada.[39m
[2022-04-01T22:32:44.832Z] [32mINFO[39m (19672 on LESLCDSDCORD): [36mBase de datos conectada.[39m
[2022-04-01T22:33:06.766Z] [32mINFO[39m (10708 on LESLCDSDCORD): [36mBase de datos conectada.[39m
[2022-04-01T22:33:54.835Z] [32mINFO[39m (11560 on LESLCDSDCORD): [36mBase de datos conectada.[39m
[2022-04-01T22:36:54.461Z] [32mINFO[39m (4900 on LESLCDSDCORD): [36mBase de datos conectada.[39m
[2022-04-01T22:37:06.903Z] [32mINFO[39m (18152 on LESLCDSDCORD): [36mBase de datos conectada.[39m
[2022-04-01T22:37:11.026Z] [32mINFO[39m (11340 on LESLCDSDCORD): [36mBase de datos conectada.[39m
[2022-04-01T22:38:18.474Z] [32mINFO[39m (22544 on LESLCDSDCORD): [36mBase de datos conectada.[39m
[2022-04-01T22:38:29.337Z] [32mINFO[39m (16056 on LESLCDSDCORD): [36mBase de datos conectada.[39m
[2022-04-01T22:38:52.717Z] [32mINFO[39m (22840 on LESLCDSDCORD): [36mBase de datos conectada.[39m
[2022-04-01T22:39:09.676Z] [32mINFO[39m (16284 on LESLCDSDCORD): [36mBase de datos conectada.[39m
[2022-04-01T22:39:22.718Z] [32mINFO[39m (24192 on LESLCDSDCORD): [36mBase de datos conectada.[39m
[2022-04-01T22:39:48.985Z] [32mINFO[39m (25780 on LESLCDSDCORD): [36mBase de datos conectada.[39m
[2022-04-01T22:39:50.717Z] [32mINFO[39m (17932 on LESLCDSDCORD): [36mBase de datos conectada.[39m
[2022-04-01T22:40:21.834Z] [32mINFO[39m (10328 on LESLCDSDCORD): [36mBase de datos conectada.[39m
[2022-04-01T22:40:24.497Z] [32mINFO[39m (26528 on LESLCDSDCORD): [36mBase de datos conectada.[39m
[2022-04-01T22:42:18.326Z] [32mINFO[39m (22640 on LESLCDSDCORD): [36mBase de datos conectada.[39m
[2022-04-01T22:42:48.830Z] [32mINFO[39m (3848 on LESLCDSDCORD): [36mBase de datos conectada.[39m
[2022-04-01T22:42:57.465Z] [32mINFO[39m (20244 on LESLCDSDCORD): [36mBase de datos conectada.[39m
[2022-04-01T22:43:09.503Z] [32mINFO[39m (22568 on LESLCDSDCORD): [36mBase de datos conectada.[39m
[2022-04-01T22:43:48.600Z] [32mINFO[39m (18076 on LESLCDSDCORD): [36mBase de datos conectada.[39m
[2022-04-02T01:25:34.473Z] [32mINFO[39m (16944 on LESLCDSDCORD): [36mBase de datos conectada.[39m
[2022-04-02T01:25:48.198Z] [32mINFO[39m (32492 on LESLCDSDCORD): [36mBase de datos conectada.[39m
[2022-04-02T01:26:37.611Z] [32mINFO[39m (29540 on LESLCDSDCORD): [36mBase de datos conectada.[39m
[2022-04-02T01:26:46.723Z] [32mINFO[39m (21564 on LESLCDSDCORD): [36mBase de datos conectada.[39m
[2022-04-02T01:27:26.562Z] [32mINFO[39m (28408 on LESLCDSDCORD): [36mBase de datos conectada.[39m
[2022-04-02T01:27:34.506Z] [32mINFO[39m (29096 on LESLCDSDCORD): [36mBase de datos conectada.[39m
[2022-04-02T01:27:38.927Z] [32mINFO[39m (22336 on LESLCDSDCORD): [36mBase de datos conectada.[39m
[2022-04-02T01:27:59.678Z] [32mINFO[39m (28508 on LESLCDSDCORD): [36mBase de datos conectada.[39m
[2022-04-02T01:28:38.242Z] [32mINFO[39m (24868 on LESLCDSDCORD): [36mBase de datos conectada.[39m
[2022-04-02T01:28:49.622Z] [32mINFO[39m (24868 on LESLCDSDCORD): [36mUSUARIO CON EMAIL juan1@gmail.com, NO ENCONTRADO[39m
[2022-04-02T01:28:49.622Z] [31mERROR[39m (24868 on LESLCDSDCORD): [36mEl usuario y contraseña no coinciden.[39m
    err: {
      "type": "CodeError",
      "message": "El usuario y contraseña no coinciden.",
      "stack":
          Error: El usuario y contraseña no coinciden.
              at Object.<anonymous> (C:\Users\Dennys.Cordova\Desktop\New folder\employment-exchange-docker\src\constants\Messages.js:81:21)
              at Module._compile (node:internal/modules/cjs/loader:1103:14)
              at Object.Module._extensions..js (node:internal/modules/cjs/loader:1155:10)
              at Module.load (node:internal/modules/cjs/loader:981:32)
              at Function.Module._load (node:internal/modules/cjs/loader:822:12)
              at Module.require (node:internal/modules/cjs/loader:1005:19)
              at require (node:internal/modules/cjs/helpers:102:18)
              at Object.<anonymous> (C:\Users\Dennys.Cordova\Desktop\New folder\employment-exchange-docker\src\app.js:8:18)
              at Module._compile (node:internal/modules/cjs/loader:1103:14)
              at Object.Module._extensions..js (node:internal/modules/cjs/loader:1155:10)
      "error": "El usuario y contraseña no coinciden.",
      "code": "INVALID_USER"
    }
[2022-04-02T01:28:49.624Z] [32mINFO[39m (24868 on LESLCDSDCORD):
    status: "error"
    data: {
      "error": "El usuario y contraseña no coinciden.",
      "code": "INVALID_USER"
    }
[2022-04-02T01:28:49.631Z] [32mINFO[39m (24868 on LESLCDSDCORD): [36mrequest completed[39m
    res: {
      "statusCode": 200,
      "headers": {
        "x-powered-by": "Express",
        "access-control-allow-origin": "*",
        "content-type": "application/json; charset=utf-8",
        "content-length": "98",
        "etag": "W/\"62-BfqbOQNoZw2Octpm5JbsU3QScVM\""
      }
    }
    responseTime: 24
    req: {
      "id": 1,
      "method": "POST",
      "url": "/api/users/login",
      "query": {},
      "params": {},
      "headers": {
        "host": "localhost:3000",
        "user-agent": "insomnia/2022.2.1",
        "content-type": "application/json",
        "accept": "*/*",
        "content-length": "56"
      },
      "remoteAddress": "::ffff:127.0.0.1",
      "remotePort": 59068
    }
[2022-04-02T01:28:59.739Z] [32mINFO[39m (24560 on LESLCDSDCORD): [36mBase de datos conectada.[39m
[2022-04-02T01:28:59.827Z] [32mINFO[39m (24560 on LESLCDSDCORD): [36mUSUARIO CON EMAIL juan1@gmail.com, NO ENCONTRADO[39m
[2022-04-02T01:28:59.827Z] [31mERROR[39m (24560 on LESLCDSDCORD): [36mEl usuario y contraseña no coinciden.[39m
    err: {
      "type": "CodeError",
      "message": "El usuario y contraseña no coinciden.",
      "stack":
          Error: El usuario y contraseña no coinciden.
              at Object.<anonymous> (C:\Users\Dennys.Cordova\Desktop\New folder\employment-exchange-docker\src\constants\Messages.js:81:21)
              at Module._compile (node:internal/modules/cjs/loader:1103:14)
              at Object.Module._extensions..js (node:internal/modules/cjs/loader:1155:10)
              at Module.load (node:internal/modules/cjs/loader:981:32)
              at Function.Module._load (node:internal/modules/cjs/loader:822:12)
              at Module.require (node:internal/modules/cjs/loader:1005:19)
              at require (node:internal/modules/cjs/helpers:102:18)
              at Object.<anonymous> (C:\Users\Dennys.Cordova\Desktop\New folder\employment-exchange-docker\src\app.js:8:18)
              at Module._compile (node:internal/modules/cjs/loader:1103:14)
              at Object.Module._extensions..js (node:internal/modules/cjs/loader:1155:10)
      "error": "El usuario y contraseña no coinciden.",
      "code": "INVALID_USER"
    }
[2022-04-02T01:28:59.829Z] [32mINFO[39m (24560 on LESLCDSDCORD):
    status: "error"
    data: {
      "error": "El usuario y contraseña no coinciden.",
      "code": "INVALID_USER"
    }
[2022-04-02T01:28:59.836Z] [32mINFO[39m (24560 on LESLCDSDCORD): [36mrequest completed[39m
    res: {
      "statusCode": 200,
      "headers": {
        "x-powered-by": "Express",
        "access-control-allow-origin": "*",
        "content-type": "application/json; charset=utf-8",
        "content-length": "98",
        "etag": "W/\"62-BfqbOQNoZw2Octpm5JbsU3QScVM\""
      }
    }
    responseTime: 19
    req: {
      "id": 1,
      "method": "POST",
      "url": "/api/users/login",
      "query": {},
      "params": {},
      "headers": {
        "host": "localhost:3000",
        "user-agent": "insomnia/2022.2.1",
        "content-type": "application/json",
        "accept": "*/*",
        "content-length": "56"
      },
      "remoteAddress": "::ffff:127.0.0.1",
      "remotePort": 59074
    }
[2022-04-02T01:29:00.594Z] [32mINFO[39m (24560 on LESLCDSDCORD): [36mUSUARIO CON EMAIL juan1@gmail.com, NO ENCONTRADO[39m
[2022-04-02T01:29:00.594Z] [31mERROR[39m (24560 on LESLCDSDCORD): [36mEl usuario y contraseña no coinciden.[39m
    err: {
      "type": "CodeError",
      "message": "El usuario y contraseña no coinciden.",
      "stack":
          Error: El usuario y contraseña no coinciden.
              at Object.<anonymous> (C:\Users\Dennys.Cordova\Desktop\New folder\employment-exchange-docker\src\constants\Messages.js:81:21)
              at Module._compile (node:internal/modules/cjs/loader:1103:14)
              at Object.Module._extensions..js (node:internal/modules/cjs/loader:1155:10)
              at Module.load (node:internal/modules/cjs/loader:981:32)
              at Function.Module._load (node:internal/modules/cjs/loader:822:12)
              at Module.require (node:internal/modules/cjs/loader:1005:19)
              at require (node:internal/modules/cjs/helpers:102:18)
              at Object.<anonymous> (C:\Users\Dennys.Cordova\Desktop\New folder\employment-exchange-docker\src\app.js:8:18)
              at Module._compile (node:internal/modules/cjs/loader:1103:14)
              at Object.Module._extensions..js (node:internal/modules/cjs/loader:1155:10)
      "error": "El usuario y contraseña no coinciden.",
      "code": "INVALID_USER"
    }
[2022-04-02T01:29:00.595Z] [32mINFO[39m (24560 on LESLCDSDCORD):
    status: "error"
    data: {
      "error": "El usuario y contraseña no coinciden.",
      "code": "INVALID_USER"
    }
[2022-04-02T01:29:00.597Z] [32mINFO[39m (24560 on LESLCDSDCORD): [36mrequest completed[39m
    res: {
      "statusCode": 200,
      "headers": {
        "x-powered-by": "Express",
        "access-control-allow-origin": "*",
        "content-type": "application/json; charset=utf-8",
        "content-length": "98",
        "etag": "W/\"62-BfqbOQNoZw2Octpm5JbsU3QScVM\""
      }
    }
    responseTime: 7
    req: {
      "id": 2,
      "method": "POST",
      "url": "/api/users/login",
      "query": {},
      "params": {},
      "headers": {
        "host": "localhost:3000",
        "user-agent": "insomnia/2022.2.1",
        "content-type": "application/json",
        "accept": "*/*",
        "content-length": "56"
      },
      "remoteAddress": "::ffff:127.0.0.1",
      "remotePort": 59074
    }
[2022-04-02T01:29:09.812Z] [32mINFO[39m (24560 on LESLCDSDCORD): [36mUSUARIO CON EMAIL juan1@gmail.com, NO ENCONTRADO[39m
[2022-04-02T01:29:09.812Z] [31mERROR[39m (24560 on LESLCDSDCORD): [36mEl usuario y contraseña no coinciden.[39m
    err: {
      "type": "CodeError",
      "message": "El usuario y contraseña no coinciden.",
      "stack":
          Error: El usuario y contraseña no coinciden.
              at Object.<anonymous> (C:\Users\Dennys.Cordova\Desktop\New folder\employment-exchange-docker\src\constants\Messages.js:81:21)
              at Module._compile (node:internal/modules/cjs/loader:1103:14)
              at Object.Module._extensions..js (node:internal/modules/cjs/loader:1155:10)
              at Module.load (node:internal/modules/cjs/loader:981:32)
              at Function.Module._load (node:internal/modules/cjs/loader:822:12)
              at Module.require (node:internal/modules/cjs/loader:1005:19)
              at require (node:internal/modules/cjs/helpers:102:18)
              at Object.<anonymous> (C:\Users\Dennys.Cordova\Desktop\New folder\employment-exchange-docker\src\app.js:8:18)
              at Module._compile (node:internal/modules/cjs/loader:1103:14)
              at Object.Module._extensions..js (node:internal/modules/cjs/loader:1155:10)
      "error": "El usuario y contraseña no coinciden.",
      "code": "INVALID_USER"
    }
[2022-04-02T01:29:09.813Z] [32mINFO[39m (24560 on LESLCDSDCORD):
    status: "error"
    data: {
      "error": "El usuario y contraseña no coinciden.",
      "code": "INVALID_USER"
    }
[2022-04-02T01:29:09.814Z] [32mINFO[39m (24560 on LESLCDSDCORD): [36mrequest completed[39m
    res: {
      "statusCode": 200,
      "headers": {
        "x-powered-by": "Express",
        "access-control-allow-origin": "*",
        "content-type": "application/json; charset=utf-8",
        "content-length": "98",
        "etag": "W/\"62-BfqbOQNoZw2Octpm5JbsU3QScVM\""
      }
    }
    responseTime: 5
    req: {
      "id": 3,
      "method": "POST",
      "url": "/api/users/login",
      "query": {},
      "params": {},
      "headers": {
        "host": "localhost:3000",
        "user-agent": "insomnia/2022.2.1",
        "content-type": "application/json",
        "accept": "*/*",
        "content-length": "56"
      },
      "remoteAddress": "::ffff:127.0.0.1",
      "remotePort": 59077
    }
[2022-04-02T01:29:23.987Z] [32mINFO[39m (24560 on LESLCDSDCORD): [36mrequest completed[39m
    res: {
      "statusCode": 200,
      "headers": {
        "x-powered-by": "Express",
        "access-control-allow-origin": "*",
        "content-type": "application/json; charset=utf-8",
        "content-length": "437",
        "etag": "W/\"1b5-nTmezHSAPZZU/DY9U6HZYMJZqMA\""
      }
    }
    responseTime: 261
    req: {
      "id": 4,
      "method": "POST",
      "url": "/api/users/login",
      "query": {},
      "params": {},
      "headers": {
        "host": "localhost:3000",
        "user-agent": "insomnia/2022.2.1",
        "content-type": "application/json",
        "accept": "*/*",
        "content-length": "56"
      },
      "remoteAddress": "::ffff:127.0.0.1",
      "remotePort": 59086
    }
[2022-04-02T01:29:29.641Z] [32mINFO[39m (19692 on LESLCDSDCORD): [36mBase de datos conectada.[39m
[2022-04-02T01:29:34.709Z] [32mINFO[39m (19692 on LESLCDSDCORD): [36mrequest completed[39m
    res: {
      "statusCode": 200,
      "headers": {
        "x-powered-by": "Express",
        "access-control-allow-origin": "*",
        "content-type": "application/json; charset=utf-8",
        "content-length": "437",
        "etag": "W/\"1b5-/pgnToQXiodn9/oFuyUiSFE5xg0\""
      }
    }
    responseTime: 209
    req: {
      "id": 1,
      "method": "POST",
      "url": "/api/users/login",
      "query": {},
      "params": {},
      "headers": {
        "host": "localhost:3000",
        "user-agent": "insomnia/2022.2.1",
        "content-type": "application/json",
        "accept": "*/*",
        "content-length": "56"
      },
      "remoteAddress": "::ffff:127.0.0.1",
      "remotePort": 59095
    }
[2022-04-02T01:29:36.428Z] [32mINFO[39m (19692 on LESLCDSDCORD): [36mrequest completed[39m
    res: {
      "statusCode": 200,
      "headers": {
        "x-powered-by": "Express",
        "access-control-allow-origin": "*",
        "content-type": "application/json; charset=utf-8",
        "content-length": "437",
        "etag": "W/\"1b5-5W81Lfns71KnJtT5Yuk8UUWGJ/o\""
      }
    }
    responseTime: 163
    req: {
      "id": 2,
      "method": "POST",
      "url": "/api/users/login",
      "query": {},
      "params": {},
      "headers": {
        "host": "localhost:3000",
        "user-agent": "insomnia/2022.2.1",
        "content-type": "application/json",
        "accept": "*/*",
        "content-length": "56"
      },
      "remoteAddress": "::ffff:127.0.0.1",
      "remotePort": 59095
    }
[2022-04-02T01:29:37.395Z] [32mINFO[39m (19692 on LESLCDSDCORD): [36mrequest completed[39m
    res: {
      "statusCode": 200,
      "headers": {
        "x-powered-by": "Express",
        "access-control-allow-origin": "*",
        "content-type": "application/json; charset=utf-8",
        "content-length": "437",
        "etag": "W/\"1b5-z6tyT21zaXjLYCE9CWaoxIvjbh8\""
      }
    }
    responseTime: 201
    req: {
      "id": 3,
      "method": "POST",
      "url": "/api/users/login",
      "query": {},
      "params": {},
      "headers": {
        "host": "localhost:3000",
        "user-agent": "insomnia/2022.2.1",
        "content-type": "application/json",
        "accept": "*/*",
        "content-length": "56"
      },
      "remoteAddress": "::ffff:127.0.0.1",
      "remotePort": 59095
    }
[2022-04-02T01:29:45.035Z] [32mINFO[39m (19692 on LESLCDSDCORD): [36msaving a new user[39m
[2022-04-02T01:29:45.035Z] [32mINFO[39m (19692 on LESLCDSDCORD):
    nombres: "juan1"
    apellidos: "perez1"
    email: "juan4@gmail.com"
    password: "1234"
    pais: "EL Salvador"
    departamento: "San salvador"
    municipio: "ilopango"
    genero: "Masculino"
    fecha_nacimiento: "24/10/1995"
    telefono: 62482566
    isCandidate: true
[2022-04-02T01:29:45.243Z] [32mINFO[39m (19692 on LESLCDSDCORD): [36mrequest completed[39m
    res: {
      "statusCode": 200,
      "headers": {
        "x-powered-by": "Express",
        "access-control-allow-origin": "*",
        "content-type": "application/json; charset=utf-8",
        "content-length": "439",
        "etag": "W/\"1b7-cK2eHBscgMr1Flm25tURzrFXL4A\""
      }
    }
    responseTime: 228
    req: {
      "id": 4,
      "method": "POST",
      "url": "/api/users/",
      "query": {},
      "params": {},
      "headers": {
        "host": "localhost:3000",
        "user-agent": "insomnia/2022.2.1",
        "content-type": "application/json",
        "accept": "*/*",
        "content-length": "256"
      },
      "remoteAddress": "::ffff:127.0.0.1",
      "remotePort": 59100
    }
[2022-04-02T01:29:52.215Z] [32mINFO[39m (19692 on LESLCDSDCORD): [36mrequest completed[39m
    res: {
      "statusCode": 200,
      "headers": {
        "x-powered-by": "Express",
        "access-control-allow-origin": "*",
        "content-type": "application/json; charset=utf-8",
        "content-length": "437",
        "etag": "W/\"1b5-OAQp4m2dR4IsZuXSCU2WlXPV/To\""
      }
    }
    responseTime: 171
    req: {
      "id": 5,
      "method": "POST",
      "url": "/api/users/login",
      "query": {},
      "params": {},
      "headers": {
        "host": "localhost:3000",
        "user-agent": "insomnia/2022.2.1",
        "content-type": "application/json",
        "accept": "*/*",
        "content-length": "56"
      },
      "remoteAddress": "::ffff:127.0.0.1",
      "remotePort": 59105
    }
